<?xml version="1.0" encoding="UTF-8"?>
<testng-results ignored="0" total="1" passed="1" failed="0" skipped="0">
  <reporter-output>
  </reporter-output>
  <suite started-at="2022-11-04T13:40:08 IST" name="Default suite" finished-at="2022-11-04T13:40:31 IST" duration-ms="23498">
    <groups>
    </groups>
    <test started-at="2022-11-04T13:40:08 IST" name="Default test" finished-at="2022-11-04T13:40:31 IST" duration-ms="23498">
      <class name="educationdomain.Testeducation">
        <test-method is-config="true" signature="beforeclass()[pri:0, instance:educationdomain.Testeducation@47af7f3d]" started-at="2022-11-04T13:40:08 IST" name="beforeclass" finished-at="2022-11-04T13:40:12 IST" duration-ms="4438" status="PASS">
          <reporter-output>
          </reporter-output>
        </test-method> <!-- beforeclass -->
        <test-method is-config="true" signature="beforemethod()[pri:0, instance:educationdomain.Testeducation@47af7f3d]" started-at="2022-11-04T13:40:12 IST" name="beforemethod" finished-at="2022-11-04T13:40:18 IST" duration-ms="5908" status="PASS">
          <reporter-output>
          </reporter-output>
        </test-method> <!-- beforemethod -->
        <test-method signature="test1()[pri:0, instance:educationdomain.Testeducation@47af7f3d]" started-at="2022-11-04T13:40:18 IST" name="test1" finished-at="2022-11-04T13:40:31 IST" duration-ms="13108" status="PASS">
          <reporter-output>
          </reporter-output>
        </test-method> <!-- test1 -->
        <test-method is-config="true" signature="aftermethod()[pri:0, instance:educationdomain.Testeducation@47af7f3d]" started-at="2022-11-04T13:40:31 IST" name="aftermethod" finished-at="2022-11-04T13:40:31 IST" duration-ms="1" status="PASS">
          <reporter-output>
          </reporter-output>
        </test-method> <!-- aftermethod -->
        <test-method is-config="true" signature="afterclass()[pri:0, instance:educationdomain.Testeducation@47af7f3d]" started-at="2022-11-04T13:40:31 IST" name="afterclass" finished-at="2022-11-04T13:40:31 IST" duration-ms="0" status="PASS">
          <reporter-output>
          </reporter-output>
        </test-method> <!-- afterclass -->
      </class> <!-- educationdomain.Testeducation -->
    </test> <!-- Default test -->
  </suite> <!-- Default suite -->
</testng-results>
